<?xml version="1.0" encoding="UTF-8"?>
<!-- Generated by org.testng.reporters.JUnitReportReporter -->
<testsuite hostname="Cyril_Nirmal" failures="0" tests="1" name="answers.Countoflinks" time="0.105" errors="0" timestamp="2023-08-01T01:21:55 EDT" skipped="0">
  <testcase classname="answers.Countoflinks" name="links" time="0.105"/>
  <system-out/>
</testsuite> <!-- answers.Countoflinks -->
